
[2025-08-11 11:02:00] RESULT (first 200 chars): No PubMed articles found for 'glioblastoma multiforme CAR-T cells EGFRvIII vs bispecific T-cell engagers IL13Rα2 tumor microenvironment immune cell exhaustion'....

[2025-08-11 11:03:46] RESULT (first 200 chars): CAR-T cell therapy targeting EGFRvIII can lead to upregulation of PD-L1 in the tumor microenvironment (TME) (PMID: 38216766). In a mouse model, PD-1 blockade enhanced the antitumor activity of anti-hu...

[2025-08-11 11:03:47] RESULT (first 200 chars): No PubMed articles found for 'glioblastoma multiforme bispecific T-cell engagers IL13Rα2 tumor microenvironment immune cell exhaustion'....

[2025-08-11 11:37:13] RESULT (first 200 chars): Aspirin has several effects:

*   It can reduce the stiffness of ex-vivo cultured mouse lenses and in-vivo mouse eyes when applied topically, while also increasing endogenous acetylation levels in len...

[2025-08-11 11:37:39] RESULT (first 200 chars): Metformin is a widely used first-line therapy for type 2 diabetes due to its glucose-lowering efficacy and safety profile (PMID: 37307806). It is used daily by over 200 million patients, but the mecha...

[2025-08-11 11:38:08] RESULT (first 200 chars): No PubMed articles found for 'glioblastoma multiforme CAR-T cells EGFRvIII vs bispecific T-cell engagers IL13Rα2 efficacy tumor microenvironment modulation immune cell exhaustion blood-brain barrier p...

[2025-08-11 11:39:07] RESULT (first 200 chars): No PubMed articles found for 'glioblastoma multiforme CAR-T cells EGFRvIII efficacy tumor microenvironment modulation immune cell exhaustion blood-brain barrier penetration antigen heterogeneity'....

[2025-08-11 11:39:09] RESULT (first 200 chars): No PubMed articles found for 'glioblastoma multiforme bispecific T-cell engagers IL13Rα2 efficacy tumor microenvironment modulation immune cell exhaustion blood-brain barrier penetration antigen heter...

[2025-08-11 11:40:52] RESULT (first 200 chars): No PubMed articles found for '(glioblastoma multiforme) AND (CAR T OR "CAR-T cells") AND (EGFRvIII) AND (efficacy OR "clinical trial") AND ("tumor microenvironment" OR TME) AND (modulation) AND ("immu...

[2025-08-11 11:40:52] RESULT (first 200 chars): No PubMed articles found for '(glioblastoma multiforme) AND ("bispecific T-cell engagers" OR BiTE OR bsAb) AND (IL13RA2) AND (efficacy OR "clinical trial") AND ("tumor microenvironment" OR TME) AND (m...

[2025-08-11 11:44:57] RESULT (first 200 chars): No PubMed articles found for 'glioblastoma multiforme bispecific T-cell engagers IL13RA2 CAR-T cells EGFRvIII cytokine profiles tumor microenvironment regulatory T cells myeloid-derived suppressor cel...

[2025-08-11 11:53:50] RESULT (first 200 chars): No PubMed articles found for 'glioblastoma multiforme IL13RA2 bispecific T-cell engagers "cytokine profile" tumor microenvironment regulatory T cells myeloid-derived suppressor cells blood-brain barri...

[2025-08-11 11:53:51] RESULT (first 200 chars): No PubMed articles found for 'glioblastoma multiforme IL13RA2 bispecific T-cell engagers resistance antigen escape [tiab]'....

[2025-08-11 11:53:51] RESULT (first 200 chars): No PubMed articles found for 'glioblastoma multiforme EGFRvIII CAR-T cells "cytokine profile" tumor microenvironment regulatory T cells myeloid-derived suppressor cells blood-brain barrier [tiab]'....

[2025-08-11 11:53:51] RESULT (first 200 chars): No PubMed articles found for 'glioblastoma multiforme EGFRvIII CAR-T cells resistance antigen escape [tiab]'....

[2025-08-11 11:54:27] RESULT (first 200 chars): No PubMed articles found for 'glioblastoma IL13RA2 bispecific T-cell engagers CAR-T cells EGFRvIII "cytokine profile" tumor microenvironment Tregs MDSCs blood-brain barrier preclinical clinical resist...

[2025-08-11 11:54:58] RESULT (first 200 chars): No PubMed articles found for 'glioblastoma EGFRvIII CAR-T cells resistance antigen escape [tiab]'....

[2025-08-11 11:54:58] RESULT (first 200 chars): No PubMed articles found for 'glioblastoma EGFRvIII CAR-T cells "cytokine profile" tumor microenvironment [tiab]'....

[2025-08-11 11:54:58] RESULT (first 200 chars): No PubMed articles found for 'glioblastoma EGFRvIII CAR-T cells blood-brain barrier [tiab]'....

[2025-08-11 11:54:58] RESULT (first 200 chars): No PubMed articles found for 'glioblastoma IL13RA2 bispecific T-cell engagers resistance antigen escape [tiab]'....

[2025-08-11 11:54:58] RESULT (first 200 chars): No PubMed articles found for 'glioblastoma IL13RA2 bispecific T-cell engagers "cytokine profile" tumor microenvironment [tiab]'....

[2025-08-11 11:54:58] RESULT (first 200 chars): No PubMed articles found for 'glioblastoma IL13RA2 bispecific T-cell engagers blood-brain barrier [tiab]'....

[2025-08-11 11:54:58] RESULT (first 200 chars): No PubMed articles found for 'glioblastoma EGFRvIII CAR-T cells Tregs MDSCs tumor microenvironment [tiab]'....

[2025-08-11 11:54:59] RESULT (first 200 chars): No PubMed articles found for 'glioblastoma IL13RA2 bispecific T-cell engagers Tregs MDSCs tumor microenvironment [tiab]'....

[2025-08-11 11:55:28] RESULT (first 200 chars): No PubMed articles found for 'glioblastoma multiforme bispecific T-cell engagers IL13RA2 CAR-T cells EGFRvIII cytokine profiles tumor microenvironment regulatory T cells myeloid-derived suppressor cel...

[2025-08-11 11:57:17] RESULT (first 200 chars): No PubMed articles found for 'CAR-T cells EGFRvIII glioblastoma multiforme resistance antigen escape'....

[2025-08-11 11:57:17] RESULT (first 200 chars): No PubMed articles found for 'bispecific T-cell engagers IL13RA2 glioblastoma multiforme resistance antigen escape'....

[2025-08-11 11:57:17] RESULT (first 200 chars): No PubMed articles found for 'bispecific T-cell engagers IL13RA2 glioblastoma multiforme cytokine profiles tumor microenvironment'....

[2025-08-11 11:57:17] RESULT (first 200 chars): No PubMed articles found for 'CAR-T cells EGFRvIII glioblastoma multiforme cytokine profiles tumor microenvironment'....

[2025-08-11 11:57:17] RESULT (first 200 chars): No PubMed articles found for 'bispecific T-cell engagers IL13RA2 glioblastoma multiforme blood-brain barrier'....

[2025-08-11 11:57:17] RESULT (first 200 chars): No PubMed articles found for 'bispecific T-cell engagers IL13RA2 glioblastoma multiforme regulatory T cells myeloid-derived suppressor cells'....

[2025-08-11 11:57:22] RESULT (first 200 chars): CAR T-cells that target EGFRvIII have been shown to cross the blood-brain barrier, target glioblastoma cells, and mediate antitumor responses. In an invasive xenograft model of glioblastoma, EGFRvIII-...

[2025-08-11 11:57:37] RESULT (first 200 chars): No PubMed articles found for 'CAR-T cells EGFRvIII glioblastoma multiforme regulatory T cells myeloid-derived suppressor cells'....

[2025-08-11 11:58:08] RESULT (first 200 chars): No PubMed articles found for 'glioblastoma bispecific T-cell engagers IL13RA2 CAR-T cells EGFRvIII comparison cytokine profile immune infiltration blood-brain barrier resistance mechanisms'....

[2025-08-11 11:58:37] RESULT (first 200 chars): No PubMed articles found for 'CAR T-cell therapy enhanced T-cell trafficking glioblastoma heterogeneity'....

[2025-08-11 11:58:37] RESULT (first 200 chars): No PubMed articles found for 'Bispecific antibodies EGFRvIII NK cell cytotoxicity glioblastoma'....

[2025-08-11 11:58:38] RESULT (first 200 chars): No PubMed articles found for 'glioblastoma bispecific T-cell engagers IL13RA2 CAR-T cells EGFRvIII comparison cytokine profile immune infiltration blood-brain barrier resistance mechanisms'....

[2025-08-11 11:58:38] RESULT (first 200 chars): No PubMed articles found for 'CAR T-cell therapy glioblastoma advances directions challenges'....

[2025-08-11 11:58:43] RESULT (first 200 chars): No PubMed articles found for 'glioblastoma CAR-T cells EGFRvIII'....

[2025-08-11 11:58:47] RESULT (first 200 chars): Tri-specific T-cell engagers (TriTEs) targeting IL-13Rα2 and EGFRvIII are being developed for glioblastoma (GBM) therapy. These TriTEs bind to both of these GBM antigens as well as CD3 on T cells. One...

[2025-08-11 12:04:53] RESULT (first 200 chars): No PubMed articles found for 'glioblastoma multiforme resistance antigen escape bispecific T-cell engagers CAR-T cells EGFRvIII'....

[2025-08-11 12:04:54] RESULT (first 200 chars): No PubMed articles found for 'glioblastoma multiforme IL13RA2 bispecific T-cell engagers CAR-T cells EGFRvIII mechanistic differences cytokine profiles tumor microenvironment preclinical studies clini...

[2025-08-11 12:04:55] RESULT (first 200 chars): No PubMed articles found for 'glioblastoma multiforme bispecific T-cell engagers vs CAR-T cells regulatory T cells myeloid-derived suppressor cells infiltration blood-brain barrier penetration'....

[2025-08-14 09:48:34] RESULT (first 200 chars): Recent advances in pancreatic cancer research include individualized treatment strategies tailored to specific patient conditions, which has increased the need for accurate preoperative assessment (PM...

[2025-08-14 11:38:18] RESULT (first 200 chars): No PubMed articles found for 'Efficacy of Metformin on Senescence-Related Extracellular Vesicles in Patients with Type 2 Diabetes Mellitus'....

[2025-08-14 11:38:50] RESULT (first 200 chars): No PubMed articles found for 'Efficacy of Metformin in Type 2 Diabetes Mellitus patients'....

[2025-08-14 11:38:56] RESULT (first 200 chars): Here's what the provided abstracts say about senescence-related extracellular vesicles:

*   Extracellular vesicles (EVs) play a critical role in cell-cell communication in healthy aging and age-relat...
